
*** Running vivado
    with args -log AKP_small.vds -m64 -product Vivado -mode batch -messageDb vivado.pb -notrace -source AKP_small.tcl


****** Vivado v2018.2 (64-bit)
  **** SW Build 2258646 on Thu Jun 14 20:03:12 MDT 2018
  **** IP Build 2256618 on Thu Jun 14 22:10:49 MDT 2018
    ** Copyright 1986-2018 Xilinx, Inc. All Rights Reserved.

source AKP_small.tcl -notrace
Command: synth_design -top AKP_small -part xc7vx485tffg1157-1
Starting synth_design
Attempting to get a license for feature 'Synthesis' and/or device 'xc7vx485t'
INFO: [Common 17-349] Got license for feature 'Synthesis' and/or device 'xc7vx485t'
INFO: Launching helper process for spawning children vivado processes
INFO: Helper process launched with PID 2176 
---------------------------------------------------------------------------------
Starting RTL Elaboration : Time (s): cpu = 00:00:02 ; elapsed = 00:00:03 . Memory (MB): peak = 448.773 ; gain = 100.805
---------------------------------------------------------------------------------
INFO: [Synth 8-6157] synthesizing module 'AKP_small' [C:/University/AKP/AKP/AKP_small/verilog/AKP_small.v:1]
ERROR: [Synth 8-439] module 'AKP_KSI_counter' not found [C:/University/AKP/AKP/AKP_small/verilog/AKP_small.v:199]
ERROR: [Synth 8-6156] failed synthesizing module 'AKP_small' [C:/University/AKP/AKP/AKP_small/verilog/AKP_small.v:1]
---------------------------------------------------------------------------------
Finished RTL Elaboration : Time (s): cpu = 00:00:03 ; elapsed = 00:00:04 . Memory (MB): peak = 502.852 ; gain = 154.883
---------------------------------------------------------------------------------
RTL Elaboration failed
INFO: [Common 17-83] Releasing license: Synthesis
3 Infos, 0 Warnings, 0 Critical Warnings and 3 Errors encountered.
synth_design failed
ERROR: [Common 17-69] Command failed: Synthesis failed - please see the console or run log file for details
INFO: [Common 17-206] Exiting Vivado at Fri May  6 09:52:48 2022...
